2025-12-02T04:17:54.287+09:00  INFO 62520 --- [booking] [Test worker] c.hotel.booking.BookingApplicationTests  : Starting BookingApplicationTests using Java 21.0.8 with PID 62520 (started by sxxm in /Users/sxxm/Documents/GitHub/hotelbooker/bookerBE)
2025-12-02T04:17:54.288+09:00 DEBUG 62520 --- [booking] [Test worker] c.hotel.booking.BookingApplicationTests  : Running with Spring Boot v3.3.0, Spring v6.1.8
2025-12-02T04:17:54.288+09:00  INFO 62520 --- [booking] [Test worker] c.hotel.booking.BookingApplicationTests  : No active profile set, falling back to 1 default profile: "default"
2025-12-02T04:17:54.299+09:00 DEBUG 62520 --- [booking] [Test worker] o.s.w.c.s.GenericWebApplicationContext   : Refreshing org.springframework.web.context.support.GenericWebApplicationContext@131fcb6f
2025-12-02T04:17:54.535+09:00  INFO 62520 --- [booking] [Test worker] .s.d.r.c.RepositoryConfigurationDelegate : Bootstrapping Spring Data JPA repositories in DEFAULT mode.
2025-12-02T04:17:54.559+09:00  INFO 62520 --- [booking] [Test worker] .s.d.r.c.RepositoryConfigurationDelegate : Finished Spring Data repository scanning in 20 ms. Found 6 JPA repository interfaces.
2025-12-02T04:17:54.738+09:00  INFO 62520 --- [booking] [Test worker] o.hibernate.jpa.internal.util.LogHelper  : HHH000204: Processing PersistenceUnitInfo [name: default]
2025-12-02T04:17:54.763+09:00  INFO 62520 --- [booking] [Test worker] org.hibernate.Version                    : HHH000412: Hibernate ORM core version 6.5.2.Final
2025-12-02T04:17:54.782+09:00  INFO 62520 --- [booking] [Test worker] o.h.c.internal.RegionFactoryInitiator    : HHH000026: Second-level cache disabled
2025-12-02T04:17:54.884+09:00  INFO 62520 --- [booking] [Test worker] o.s.o.j.p.SpringPersistenceUnitInfo      : No LoadTimeWeaver setup: ignoring JPA class transformer
2025-12-02T04:17:54.895+09:00  INFO 62520 --- [booking] [Test worker] com.zaxxer.hikari.HikariDataSource       : HikariPool-1 - Starting...
2025-12-02T04:17:54.942+09:00  INFO 62520 --- [booking] [Test worker] com.zaxxer.hikari.pool.HikariPool        : HikariPool-1 - Added connection org.postgresql.jdbc.PgConnection@5560b64d
2025-12-02T04:17:54.942+09:00  INFO 62520 --- [booking] [Test worker] com.zaxxer.hikari.HikariDataSource       : HikariPool-1 - Start completed.
2025-12-02T04:17:54.966+09:00  WARN 62520 --- [booking] [Test worker] org.hibernate.orm.deprecation            : HHH90000025: PostgreSQLDialect does not need to be specified explicitly using 'hibernate.dialect' (remove the property setting and it will be selected by default)
2025-12-02T04:17:55.291+09:00  INFO 62520 --- [booking] [Test worker] o.h.e.t.j.p.i.JtaPlatformInitiator       : HHH000489: No JTA platform available (set 'hibernate.transaction.jta.platform' to enable JTA platform integration)
2025-12-02T04:17:55.321+09:00 DEBUG 62520 --- [booking] [Test worker] org.hibernate.SQL                        : 
    alter table if exists bookings 
       alter column special_requests set data type TEXT
2025-12-02T04:17:55.324+09:00 DEBUG 62520 --- [booking] [Test worker] org.hibernate.SQL                        : 
    alter table if exists notices 
       alter column content set data type TEXT
2025-12-02T04:17:55.325+09:00 DEBUG 62520 --- [booking] [Test worker] org.hibernate.SQL                        : 
    alter table if exists reviews 
       alter column admin_reply set data type TEXT
2025-12-02T04:17:55.325+09:00 DEBUG 62520 --- [booking] [Test worker] org.hibernate.SQL                        : 
    alter table if exists reviews 
       alter column comment set data type TEXT
2025-12-02T04:17:55.325+09:00 DEBUG 62520 --- [booking] [Test worker] org.hibernate.SQL                        : 
    alter table if exists rooms 
       alter column amenities set data type TEXT
2025-12-02T04:17:55.326+09:00 DEBUG 62520 --- [booking] [Test worker] org.hibernate.SQL                        : 
    alter table if exists rooms 
       alter column description set data type TEXT
2025-12-02T04:17:55.376+09:00  INFO 62520 --- [booking] [Test worker] j.LocalContainerEntityManagerFactoryBean : Initialized JPA EntityManagerFactory for persistence unit 'default'
2025-12-02T04:17:55.519+09:00  INFO 62520 --- [booking] [Test worker] o.s.d.j.r.query.QueryEnhancerFactory     : Hibernate is in classpath; If applicable, HQL parser will be used.
2025-12-02T04:17:55.824+09:00  INFO 62520 --- [booking] [Test worker] r$InitializeUserDetailsManagerConfigurer : Global AuthenticationManager configured with UserDetailsService bean with name userDetailsServiceImpl
2025-12-02T04:17:55.891+09:00 DEBUG 62520 --- [booking] [Test worker] s.w.s.m.m.a.RequestMappingHandlerMapping : 43 mappings in 'requestMappingHandlerMapping'
2025-12-02T04:17:55.933+09:00 DEBUG 62520 --- [booking] [Test worker] o.s.w.s.handler.SimpleUrlHandlerMapping  : Patterns [/webjars/**, /**] in 'resourceHandlerMapping'
2025-12-02T04:17:55.950+09:00  INFO 62520 --- [booking] [Test worker] o.s.s.web.DefaultSecurityFilterChain     : Will secure any request with [org.springframework.security.web.session.DisableEncodeUrlFilter@50f71f48, org.springframework.security.web.context.request.async.WebAsyncManagerIntegrationFilter@14270715, org.springframework.security.web.context.SecurityContextHolderFilter@148b13e5, org.springframework.security.web.header.HeaderWriterFilter@440f434f, org.springframework.web.filter.CorsFilter@3b829ef, org.springframework.security.web.authentication.logout.LogoutFilter@5ffdea7c, org.springframework.security.web.authentication.UsernamePasswordAuthenticationFilter@10055e52, org.springframework.security.web.savedrequest.RequestCacheAwareFilter@25ca56de, org.springframework.security.web.servletapi.SecurityContextHolderAwareRequestFilter@47fb7dbb, org.springframework.security.web.authentication.AnonymousAuthenticationFilter@38657ca8, org.springframework.security.web.access.ExceptionTranslationFilter@d95150c, org.springframework.security.web.access.intercept.AuthorizationFilter@1c32c581]
2025-12-02T04:17:56.015+09:00 DEBUG 62520 --- [booking] [Test worker] s.w.s.m.m.a.RequestMappingHandlerAdapter : ControllerAdvice beans: 0 @ModelAttribute, 0 @InitBinder, 1 RequestBodyAdvice, 1 ResponseBodyAdvice
2025-12-02T04:17:56.027+09:00 DEBUG 62520 --- [booking] [Test worker] .m.m.a.ExceptionHandlerExceptionResolver : ControllerAdvice beans: 1 @ExceptionHandler, 1 ResponseBodyAdvice
2025-12-02T04:17:56.065+09:00  INFO 62520 --- [booking] [Test worker] c.hotel.booking.BookingApplicationTests  : Started BookingApplicationTests in 1.872 seconds (process running for 2.231)
2025-12-02T04:17:56.339+09:00 DEBUG 62520 --- [booking] [SpringApplicationShutdownHook] o.s.w.c.s.GenericWebApplicationContext   : Closing org.springframework.web.context.support.GenericWebApplicationContext@131fcb6f, started on Tue Dec 02 04:17:54 KST 2025
2025-12-02T04:17:56.342+09:00  INFO 62520 --- [booking] [SpringApplicationShutdownHook] j.LocalContainerEntityManagerFactoryBean : Closing JPA EntityManagerFactory for persistence unit 'default'
2025-12-02T04:17:56.343+09:00  INFO 62520 --- [booking] [SpringApplicationShutdownHook] com.zaxxer.hikari.HikariDataSource       : HikariPool-1 - Shutdown initiated...
2025-12-02T04:17:56.344+09:00  INFO 62520 --- [booking] [SpringApplicationShutdownHook] com.zaxxer.hikari.HikariDataSource       : HikariPool-1 - Shutdown completed.
